<?xml version="1.0" encoding="utf-8"?><testsuites name="pytest tests"><testsuite name="pytest" errors="0" failures="0" skipped="0" tests="18" time="42.709" timestamp="2026-04-22T14:46:29.604119+00:00" hostname="agent-env-502dca1f-f498-4928-bdbf-e29cef5e5d0c"><testcase classname="backend.tests.test_giftcard_launch.TestCatalog" name="test_catalog_returns_8_brands" time="0.164" /><testcase classname="backend.tests.test_giftcard_launch.TestGameLogos" name="test_logo_serves_200[panda_master]" time="0.131" /><testcase classname="backend.tests.test_giftcard_launch.TestGameLogos" name="test_logo_serves_200[orion_stars]" time="0.128" /><testcase classname="backend.tests.test_giftcard_launch.TestGameLogos" name="test_logo_serves_200[game_vault]" time="0.121" /><testcase classname="backend.tests.test_giftcard_launch.TestGiftCardRequestValidation" name="test_insufficient_credits_returns_400" time="2.533" /><testcase classname="backend.tests.test_giftcard_launch.TestGiftCardRequestValidation" name="test_unsupported_brand_returns_400" time="1.736" /><testcase classname="backend.tests.test_giftcard_launch.TestGiftCardRequestValidation" name="test_above_brand_max_amazon_returns_400" time="1.723" /><testcase classname="backend.tests.test_giftcard_launch.TestGiftCardRequestValidation" name="test_above_brand_max_spotify_returns_400" time="1.784" /><testcase classname="backend.tests.test_giftcard_launch.TestGiftCardRequestValidation" name="test_feature_flag_off_returns_503" time="2.971" /><testcase classname="backend.tests.test_giftcard_launch.TestGiftCardRequestSuccess" name="test_request_success_debits_and_creates" time="1.790" /><testcase classname="backend.tests.test_giftcard_launch.TestAdminGiftCardEndpoints" name="test_non_admin_forbidden_pending" time="2.080" /><testcase classname="backend.tests.test_giftcard_launch.TestAdminGiftCardEndpoints" name="test_admin_pending_lists_request" time="2.184" /><testcase classname="backend.tests.test_giftcard_launch.TestAdminGiftCardEndpoints" name="test_admin_fulfill_sets_code_and_user_can_view" time="2.534" /><testcase classname="backend.tests.test_giftcard_launch.TestAdminGiftCardEndpoints" name="test_admin_reject_refunds_credits" time="2.304" /><testcase classname="backend.tests.test_giftcard_launch.TestLaunchChecklist" name="test_non_admin_forbidden" time="0.575" /><testcase classname="backend.tests.test_giftcard_launch.TestLaunchChecklist" name="test_admin_returns_summary_and_six_checks" time="0.419" /><testcase classname="backend.tests.test_giftcard_launch.TestBossGenieTools" name="test_launch_readiness_tool" time="8.746" /><testcase classname="backend.tests.test_giftcard_launch.TestBossGenieTools" name="test_list_pending_giftcards_tool" time="10.586" /></testsuite></testsuites>