<?xml version="1.0" encoding="utf-8"?><testsuites name="pytest tests"><testsuite name="pytest" errors="0" failures="0" skipped="0" tests="16" time="7.671" timestamp="2026-04-21T19:11:57.716390+00:00" hostname="agent-env-502dca1f-f498-4928-bdbf-e29cef5e5d0c"><testcase classname="backend.tests.test_jit_features.TestUsernameFormat" name="test_register_creates_valid_game_username" time="0.463" /><testcase classname="backend.tests.test_jit_features.TestUsernameFormat" name="test_register_creates_preset_password" time="0.400" /><testcase classname="backend.tests.test_jit_features.TestJITPlatformRegistration" name="test_platform_register_success" time="0.482" /><testcase classname="backend.tests.test_jit_features.TestJITPlatformRegistration" name="test_platform_accounts_shows_registered" time="0.483" /><testcase classname="backend.tests.test_jit_features.TestJITCheckoutIntegration" name="test_checkout_calls_jit_registration" time="0.929" /><testcase classname="backend.tests.test_jit_features.TestJITDepositHeldScenario" name="test_checkout_returns_409_when_creds_missing" time="0.384" /><testcase classname="backend.tests.test_jit_features.TestAdminAlerts" name="test_admin_alerts_list" time="0.451" /><testcase classname="backend.tests.test_jit_features.TestAdminAlerts" name="test_admin_alerts_resolve" time="0.523" /><testcase classname="backend.tests.test_jit_features.TestAdminAlerts" name="test_admin_retry_registration" time="0.692" /><testcase classname="backend.tests.test_jit_features.TestRegressionExistingFeatures" name="test_vip_tier_still_works" time="0.482" /><testcase classname="backend.tests.test_jit_features.TestRegressionExistingFeatures" name="test_promo_codes_still_work" time="0.435" /><testcase classname="backend.tests.test_jit_features.TestRegressionExistingFeatures" name="test_referral_still_works" time="0.422" /><testcase classname="backend.tests.test_jit_features.TestRegressionExistingFeatures" name="test_2fa_status_still_works" time="0.439" /><testcase classname="backend.tests.test_jit_features.TestRegressionExistingFeatures" name="test_password_reset_still_works" time="0.155" /><testcase classname="backend.tests.test_jit_features.TestRegressionExistingFeatures" name="test_support_tickets_still_work" time="0.406" /><testcase classname="backend.tests.test_jit_features.TestRegressionExistingFeatures" name="test_analytics_still_works" time="0.428" /></testsuite></testsuites>