<?xml version="1.0" encoding="utf-8"?><testsuites name="pytest tests"><testsuite name="pytest" errors="0" failures="1" skipped="3" tests="17" time="7.374" timestamp="2026-05-25T20:07:45.558464+00:00" hostname="agent-env-3c0ad66f-7041-448d-961c-9cd68b7179e0"><testcase classname="backend.tests.test_iter7_postemergent" name="test_health_quick_no_db" time="0.196" /><testcase classname="backend.tests.test_iter7_postemergent" name="test_admin_login_returns_jwt_cookie_and_profile" time="0.400" /><testcase classname="backend.tests.test_iter7_postemergent" name="test_games_brand_cards" time="0.102" /><testcase classname="backend.tests.test_iter7_postemergent" name="test_payment_card_info_cashtag_exact" time="0.099" /><testcase classname="backend.tests.test_iter7_postemergent" name="test_payment_crypto_info" time="0.128" /><testcase classname="backend.tests.test_iter7_postemergent" name="test_checkout_create_does_not_500" time="1.174"><failure message="AssertionError: checkout/create returned 500: Internal Server Error&#10;assert 500 != 500&#10; +  where 500 = &lt;Response [500]&gt;.status_code">backend/tests/test_iter7_postemergent.py:127: in test_checkout_create_does_not_500
    assert r.status_code != 500, f"checkout/create returned 500: {r.text[:300]}"
E   AssertionError: checkout/create returned 500: Internal Server Error
E   assert 500 != 500
E    +  where 500 = &lt;Response [500]&gt;.status_code</failure></testcase><testcase classname="backend.tests.test_iter7_postemergent" name="test_boss_providers_cerebras_enabled" time="0.056" /><testcase classname="backend.tests.test_iter7_postemergent" name="test_boss_chat_roundtrips_cerebras" time="0.537" /><testcase classname="backend.tests.test_iter7_postemergent" name="test_amoe_claim_then_cooldown_blocks_repeat" time="0.670" /><testcase classname="backend.tests.test_iter7_postemergent" name="test_giftcard_request_creates_pending" time="1.002" /><testcase classname="backend.tests.test_iter7_postemergent" name="test_admin_users_list" time="0.057" /><testcase classname="backend.tests.test_iter7_postemergent" name="test_admin_transactions_list" time="0.050" /><testcase classname="backend.tests.test_iter7_postemergent" name="test_admin_redemptions_pending" time="0.053" /><testcase classname="backend.tests.test_iter7_postemergent" name="test_admin_endpoints_require_admin" time="0.545" /><testcase classname="backend.tests.test_iter7_postemergent" name="test_geoblock_blocks_redemption_from_blocked_state" time="0.967"><skipped type="pytest.skip" message="geoblock soft-failed (ipapi lookup may be unavailable). status=500 body=Internal Server Error">/app/backend/tests/test_iter7_postemergent.py:279: geoblock soft-failed (ipapi lookup may be unavailable). status=500 body=Internal Server Error</skipped></testcase><testcase classname="backend.tests.test_iter7_postemergent" name="test_kyc_basic_threshold_500_blocks_redemption" time="0.625"><skipped type="pytest.skip" message="BTC kill switch is ON — KYC gate not reachable">/app/backend/tests/test_iter7_postemergent.py:300: BTC kill switch is ON — KYC gate not reachable</skipped></testcase><testcase classname="backend.tests.test_iter7_postemergent" name="test_kyc_enhanced_threshold_5000_requires_enhanced" time="0.601"><skipped type="pytest.skip" message="BTC kill switch is ON — KYC gate not reachable">/app/backend/tests/test_iter7_postemergent.py:315: BTC kill switch is ON — KYC gate not reachable</skipped></testcase></testsuite></testsuites>