<?xml version="1.0" encoding="utf-8"?><testsuites name="pytest tests"><testsuite name="pytest" errors="0" failures="0" skipped="0" tests="24" time="3.586" timestamp="2026-05-22T14:35:20.228162+00:00" hostname="agent-env-db9ac049-c865-4e5b-a5c5-fef43e818fdd"><testcase classname="backend.tests.test_wahlah_backend.TestSmoke" name="test_health" time="0.175" /><testcase classname="backend.tests.test_wahlah_backend.TestSmoke" name="test_root" time="0.050" /><testcase classname="backend.tests.test_wahlah_backend.TestAuth" name="test_register_sets_cookies_and_returns_user" time="0.354" /><testcase classname="backend.tests.test_wahlah_backend.TestAuth" name="test_register_requires_age_verified" time="0.053" /><testcase classname="backend.tests.test_wahlah_backend.TestAuth" name="test_admin_login_returns_admin_role" time="0.444" /><testcase classname="backend.tests.test_wahlah_backend.TestAuth" name="test_me_without_cookie_returns_401" time="0.127" /><testcase classname="backend.tests.test_wahlah_backend.TestAuth" name="test_brute_force_protection_triggers_429" time="0.510" /><testcase classname="backend.tests.test_wahlah_backend.TestGames" name="test_games_list_returns_seeded" time="0.052" /><testcase classname="backend.tests.test_wahlah_backend.TestGames" name="test_games_all_requires_admin" time="0.188" /><testcase classname="backend.tests.test_wahlah_backend.TestCurrency" name="test_balance_for_logged_in_user" time="0.075" /><testcase classname="backend.tests.test_wahlah_backend.TestCurrency" name="test_balance_requires_auth" time="0.128" /><testcase classname="backend.tests.test_wahlah_backend.TestAMOE" name="test_amoe_status_for_fresh_user" time="0.073" /><testcase classname="backend.tests.test_wahlah_backend.TestAMOE" name="test_amoe_claim_daily_grants_credits" time="0.142" /><testcase classname="backend.tests.test_wahlah_backend.TestAMOE" name="test_amoe_claim_twice_blocked" time="0.068" /><testcase classname="backend.tests.test_wahlah_backend.TestPackagesAndPayments" name="test_packages" time="0.051" /><testcase classname="backend.tests.test_wahlah_backend.TestPackagesAndPayments" name="test_card_info" time="0.048" /><testcase classname="backend.tests.test_wahlah_backend.TestPackagesAndPayments" name="test_crypto_info" time="0.050" /><testcase classname="backend.tests.test_wahlah_backend.TestAdmin" name="test_admin_users_requires_admin" time="0.138" /><testcase classname="backend.tests.test_wahlah_backend.TestAdmin" name="test_admin_stats" time="0.075" /><testcase classname="backend.tests.test_wahlah_backend.TestAdmin" name="test_p2p_transfer_graceful_503_when_bridge_offline" time="0.370" /><testcase classname="backend.tests.test_wahlah_backend.TestSubRoutersLoaded" name="test_extensions_router" time="0.087" /><testcase classname="backend.tests.test_wahlah_backend.TestSubRoutersLoaded" name="test_distributor_pool_router" time="0.068" /><testcase classname="backend.tests.test_wahlah_backend.TestSubRoutersLoaded" name="test_nerve_center_router" time="0.081" /><testcase classname="backend.tests.test_wahlah_backend.TestSubRoutersLoaded" name="test_compliance_router" time="0.071" /></testsuite></testsuites>