<?xml version="1.0" encoding="utf-8"?><testsuites name="pytest tests"><testsuite name="pytest" errors="0" failures="0" skipped="0" tests="52" time="24.054" timestamp="2026-04-17T14:55:33.804476+00:00" hostname="agent-env-b363dfe0-0ef7-4d28-872b-56e0281d5b76"><testcase classname="backend.tests.test_jit_features.TestUsernameFormat" name="test_register_creates_valid_game_username" time="0.398" /><testcase classname="backend.tests.test_jit_features.TestUsernameFormat" name="test_register_creates_preset_password" time="0.355" /><testcase classname="backend.tests.test_jit_features.TestJITPlatformRegistration" name="test_platform_register_success" time="0.483" /><testcase classname="backend.tests.test_jit_features.TestJITPlatformRegistration" name="test_platform_accounts_shows_registered" time="0.400" /><testcase classname="backend.tests.test_jit_features.TestJITCheckoutIntegration" name="test_checkout_calls_jit_registration" time="0.469" /><testcase classname="backend.tests.test_jit_features.TestJITDepositHeldScenario" name="test_checkout_returns_409_when_creds_missing" time="0.339" /><testcase classname="backend.tests.test_jit_features.TestAdminAlerts" name="test_admin_alerts_list" time="0.418" /><testcase classname="backend.tests.test_jit_features.TestAdminAlerts" name="test_admin_alerts_resolve" time="0.388" /><testcase classname="backend.tests.test_jit_features.TestAdminAlerts" name="test_admin_retry_registration" time="0.517" /><testcase classname="backend.tests.test_jit_features.TestRegressionExistingFeatures" name="test_vip_tier_still_works" time="0.394" /><testcase classname="backend.tests.test_jit_features.TestRegressionExistingFeatures" name="test_promo_codes_still_work" time="0.401" /><testcase classname="backend.tests.test_jit_features.TestRegressionExistingFeatures" name="test_referral_still_works" time="0.412" /><testcase classname="backend.tests.test_jit_features.TestRegressionExistingFeatures" name="test_2fa_status_still_works" time="0.449" /><testcase classname="backend.tests.test_jit_features.TestRegressionExistingFeatures" name="test_password_reset_still_works" time="0.141" /><testcase classname="backend.tests.test_jit_features.TestRegressionExistingFeatures" name="test_support_tickets_still_work" time="0.387" /><testcase classname="backend.tests.test_jit_features.TestRegressionExistingFeatures" name="test_analytics_still_works" time="0.399" /><testcase classname="backend.tests.test_extensions.TestExistingEndpoints" name="test_api_root" time="0.133" /><testcase classname="backend.tests.test_extensions.TestExistingEndpoints" name="test_auth_login" time="0.335" /><testcase classname="backend.tests.test_extensions.TestExistingEndpoints" name="test_games_list" time="0.114" /><testcase classname="backend.tests.test_extensions.TestExistingEndpoints" name="test_amoe_status" time="0.386" /><testcase classname="backend.tests.test_extensions.TestPasswordReset" name="test_forgot_password_returns_dev_token" time="0.109" /><testcase classname="backend.tests.test_extensions.TestPasswordReset" name="test_reset_password_with_token" time="0.490" /><testcase classname="backend.tests.test_extensions.TestPasswordReset" name="test_reset_password_invalid_token" time="0.112" /><testcase classname="backend.tests.test_extensions.TestPasswordReset" name="test_change_password" time="0.850" /><testcase classname="backend.tests.test_extensions.TestTwoFactorAuth" name="test_2fa_setup_returns_secret_and_qr" time="0.412" /><testcase classname="backend.tests.test_extensions.TestTwoFactorAuth" name="test_2fa_enable_with_valid_code" time="0.455" /><testcase classname="backend.tests.test_extensions.TestTwoFactorAuth" name="test_2fa_status_returns_enabled" time="0.386" /><testcase classname="backend.tests.test_extensions.TestTwoFactorAuth" name="test_2fa_disable" time="0.612" /><testcase classname="backend.tests.test_extensions.TestTwoFactorAuth" name="test_login_2fa_fails_without_code" time="0.874" /><testcase classname="backend.tests.test_extensions.TestTwoFactorAuth" name="test_login_2fa_succeeds_with_valid_code" time="1.821" /><testcase classname="backend.tests.test_extensions.TestPromoCodes" name="test_admin_create_promo" time="0.387" /><testcase classname="backend.tests.test_extensions.TestPromoCodes" name="test_admin_list_promos" time="0.402" /><testcase classname="backend.tests.test_extensions.TestPromoCodes" name="test_admin_delete_promo" time="0.440" /><testcase classname="backend.tests.test_extensions.TestPromoCodes" name="test_promo_redeem_awards_credits" time="0.797" /><testcase classname="backend.tests.test_extensions.TestPromoCodes" name="test_promo_redeem_rejects_invalid" time="0.393" /><testcase classname="backend.tests.test_extensions.TestPromoCodes" name="test_promo_redeem_rejects_already_redeemed" time="0.892" /><testcase classname="backend.tests.test_extensions.TestReferralSystem" name="test_referral_me_returns_code" time="0.399" /><testcase classname="backend.tests.test_extensions.TestReferralSystem" name="test_referral_redeem_awards_both_users" time="0.852" /><testcase classname="backend.tests.test_extensions.TestReferralSystem" name="test_referral_rejects_self" time="0.467" /><testcase classname="backend.tests.test_extensions.TestReferralSystem" name="test_referral_rejects_duplicate" time="0.908" /><testcase classname="backend.tests.test_extensions.TestVIPTiers" name="test_vip_tier_returns_tier_info" time="0.400" /><testcase classname="backend.tests.test_extensions.TestVIPTiers" name="test_vip_tiers_returns_all_tiers" time="0.111" /><testcase classname="backend.tests.test_extensions.TestSupportTickets" name="test_create_ticket" time="0.405" /><testcase classname="backend.tests.test_extensions.TestSupportTickets" name="test_list_user_tickets" time="0.400" /><testcase classname="backend.tests.test_extensions.TestSupportTickets" name="test_admin_list_all_tickets" time="0.389" /><testcase classname="backend.tests.test_extensions.TestSupportTickets" name="test_admin_respond_to_ticket" time="0.448" /><testcase classname="backend.tests.test_extensions.TestSupportTickets" name="test_admin_close_ticket" time="0.441" /><testcase classname="backend.tests.test_extensions.TestAdminAnalytics" name="test_analytics_overview" time="0.416" /><testcase classname="backend.tests.test_extensions.TestAdminAnalytics" name="test_analytics_revenue_by_day" time="0.380" /><testcase classname="backend.tests.test_extensions.TestAdminAnalytics" name="test_analytics_signups_by_day" time="0.385" /><testcase classname="backend.tests.test_extensions.TestAdminAnalytics" name="test_analytics_top_users" time="0.404" /><testcase classname="backend.tests.test_extensions.TestAdminAnalytics" name="test_analytics_requires_admin" time="0.404" /></testsuite></testsuites>